<?xml version="1.0" encoding="UTF-8"?>
<!-- Generated by org.testng.reporters.JUnitReportReporter -->
<testsuite hostname="Agam-PC" failures="0" tests="1" name="com.db.dbi.sdda.accounts.CheckingTest" time="0.122" errors="0" timestamp="2023-02-09T00:34:20 IST" skipped="0">
  <testcase classname="com.db.dbi.sdda.accounts.CheckingTest" name="positiveTransaction" time="0.122"/>
  <system-out/>
</testsuite> <!-- com.db.dbi.sdda.accounts.CheckingTest -->
