<?xml version="1.0" encoding="UTF-8"?>
<!-- Generated by org.testng.reporters.JUnitReportReporter -->
<testsuite hostname="Agam-PC" failures="0" tests="3" name="com.db.dbi.sdda.accounts.CheckingTest" time="0.199" errors="0" timestamp="2023-02-09T00:31:21 IST" skipped="0">
  <testcase classname="com.db.dbi.sdda.accounts.CheckingTest" name="checkingBookingOk" time="0.013"/>
  <system-out/>
  <testcase classname="com.db.dbi.sdda.accounts.CheckingTest" name="positiveTransaction" time="0.002"/>
  <system-out/>
  <testcase classname="com.db.dbi.sdda.accounts.CheckingTest" name="checkingBookingNoFunds" time="0.184"/>
  <system-out/>
</testsuite> <!-- com.db.dbi.sdda.accounts.CheckingTest -->
